<?xml version="1.0" encoding="UTF-8"?>
<!-- Generated by org.testng.reporters.JUnitXMLReporter -->
<testsuite ignored="0" hostname="GYM87S3-L" failures="0" tests="10" name="Surefire test" time="19.849" errors="0" timestamp="2026-01-01T10:12:47 IST">
  <testcase classname="api.test.DDTests" name="testPostUser" time="3.012"/>
  <testcase classname="api.test.DDTests" name="testPostUser" time="1.408"/>
  <testcase classname="api.test.DDTests" name="testPostUser" time="1.599"/>
  <testcase classname="api.test.DDTests" name="testDeleteUserByName" time="1.678"/>
  <testcase classname="api.test.DDTests" name="testDeleteUserByName" time="1.315"/>
  <testcase classname="api.test.DDTests" name="testDeleteUserByName" time="1.311"/>
  <testcase classname="api.test.UserTests" name="testPostUser" time="1.369"/>
  <testcase classname="api.test.UserTests" name="testGetUserByName" time="1.643"/>
  <testcase classname="api.test.UserTests" name="testUpdateUserByName" time="3.034"/>
  <testcase classname="api.test.UserTests" name="testDeleteUserByName" time="1.525"/>
</testsuite> <!-- Surefire test -->
