<?xml version="1.0" encoding="UTF-8"?>
<!-- Generated by org.testng.reporters.JUnitXMLReporter -->
<testsuite ignored="0" hostname="GYM87S3-L" failures="0" tests="4" name="Test" time="12.301" errors="0" timestamp="2026-01-01T11:59:36 IST">
  <testcase classname="api.test.UserTests" name="testPostUser" time="3.427"/>
  <testcase classname="api.test.UserTests" name="testGetUserByName" time="2.655"/>
  <testcase classname="api.test.UserTests" name="testUpdateUserByName" time="3.297"/>
  <testcase classname="api.test.UserTests" name="testDeleteUserByName" time="1.618"/>
</testsuite> <!-- Test -->
