<?xml version="1.0" encoding="UTF-8"?>
<!-- Generated by org.testng.reporters.JUnitXMLReporter -->
<testsuite ignored="0" hostname="GYM87S3-L" failures="0" tests="4" name="Test" time="9.86" errors="0" timestamp="2026-01-01T10:32:35 IST">
  <testcase classname="api.test.UserTests" name="testPostUser" time="3.071"/>
  <testcase classname="api.test.UserTests" name="testGetUserByName" time="1.658"/>
  <testcase classname="api.test.UserTests" name="testUpdateUserByName" time="3.002"/>
  <testcase classname="api.test.UserTests" name="testDeleteUserByName" time="1.309"/>
</testsuite> <!-- Test -->
