<?xml version="1.0" encoding="UTF-8"?>
<!-- Generated by org.testng.reporters.JUnitReportReporter -->
<testsuite hostname="GYM87S3-L" failures="0" tests="6" name="api.test.DDTests" time="11.039" errors="0" timestamp="2026-01-01T12:02:34 IST" skipped="0">
  <testcase classname="api.test.DDTests" name="testPostUser" time="3.183"/>
  <testcase classname="api.test.DDTests" name="testPostUser" time="1.534"/>
  <testcase classname="api.test.DDTests" name="testPostUser" time="1.567"/>
  <testcase classname="api.test.DDTests" name="testDeleteUserByName" time="1.706"/>
  <testcase classname="api.test.DDTests" name="testDeleteUserByName" time="1.522"/>
  <testcase classname="api.test.DDTests" name="testDeleteUserByName" time="1.527"/>
</testsuite> <!-- api.test.DDTests -->
