<?xml version="1.0" encoding="UTF-8"?>
<!-- Generated by org.testng.reporters.JUnitReportReporter -->
<testsuite hostname="GYM87S3-L" failures="0" tests="4" name="api.test.UserTests" time="9.040" errors="0" timestamp="2026-01-01T10:32:35 IST" skipped="0">
  <testcase classname="api.test.UserTests" name="testPostUser" time="3.071"/>
  <testcase classname="api.test.UserTests" name="testGetUserByName" time="1.658"/>
  <testcase classname="api.test.UserTests" name="testUpdateUserByName" time="3.002"/>
  <testcase classname="api.test.UserTests" name="testDeleteUserByName" time="1.309"/>
</testsuite> <!-- api.test.UserTests -->
