<?xml version="1.0" encoding="UTF-8"?>
<!-- Generated by org.testng.reporters.JUnitReportReporter -->
<testsuite hostname="GYM87S3-L" failures="0" tests="6" name="api.test.DDTests" time="10.323" errors="0" timestamp="2026-01-01T10:12:47 IST" skipped="0">
  <testcase classname="api.test.DDTests" name="testPostUser" time="1.599"/>
  <testcase classname="api.test.DDTests" name="testPostUser" time="3.012"/>
  <testcase classname="api.test.DDTests" name="testPostUser" time="1.408"/>
  <testcase classname="api.test.DDTests" name="testDeleteUserByName" time="1.678"/>
  <testcase classname="api.test.DDTests" name="testDeleteUserByName" time="1.315"/>
  <testcase classname="api.test.DDTests" name="testDeleteUserByName" time="1.311"/>
</testsuite> <!-- api.test.DDTests -->
